<?xml version="1.0" encoding="UTF-8"?>
<!-- Generated by org.testng.reporters.JUnitReportReporter -->
<testsuite skipped="0" hostname="DESKTOP-N0CJKUD" name="practise.Xlsheet" tests="6" failures="0" timestamp="09 Apr 2021 04:11:41 GMT" time="0.096" errors="0">
  <testcase name="dataReadingFromSheet" time="0.013" classname="practise.Xlsheet"/>
  <testcase name="dataReadingFromSheet" time="0.003" classname="practise.Xlsheet"/>
  <testcase name="dataReadingFromSheet" time="0.007" classname="practise.Xlsheet"/>
  <testcase name="dataReadingFromSheet" time="0.023" classname="practise.Xlsheet"/>
  <testcase name="dataReadingFromSheet" time="0.047" classname="practise.Xlsheet"/>
  <testcase name="dataReadingFromSheet" time="0.003" classname="practise.Xlsheet"/>
</testsuite> <!-- practise.Xlsheet -->
