<?xml version="1.0" encoding="UTF-8"?>
<!-- Generated by org.testng.reporters.JUnitReportReporter -->
<testsuite skipped="0" hostname="DESKTOP-N0CJKUD" name="practise.Testing" tests="3" failures="0" timestamp="09 Apr 2021 04:13:44 GMT" time="0.048" errors="0">
  <testcase name="method2" time="0.019" classname="practise.Testing"/>
  <testcase name="method3" time="0.021" classname="practise.Testing"/>
  <testcase name="method1" time="0.008" classname="practise.Testing"/>
</testsuite> <!-- practise.Testing -->
