<?xml version="1.0" encoding="UTF-8"?>
<!-- Generated by org.testng.reporters.JUnitReportReporter -->
<testsuite skipped="0" hostname="DESKTOP-N0CJKUD" name="practise.testngs" tests="3" failures="0" timestamp="08 Apr 2021 04:39:24 GMT" time="0.032" errors="0">
  <testcase name="method1" time="0.000" classname="practise.testngs"/>
  <testcase name="method2" time="0.031" classname="practise.testngs"/>
  <testcase name="method3" time="0.001" classname="practise.testngs"/>
</testsuite> <!-- practise.testngs -->
